[    000000] Linux version 4.15.0-65-generic (buildd@lgw01-amd64-006) (gcc version 7.4.0 (Ubuntu 7.4.0-1untu1~18.04.1)) #74-Ubuntu SMP Tue Sep 17 17:06:04 UTC 2019 (Ubuntu 4.15.0-65.74-generic 4.15.18)
[    0.000000] Command line: BOOT_IMAGE=/boot/vmlinuz-4.15.0-65-generic root=UUID=c96d8c50-ee80-4ac7-84c9-80244f1234dc ro console=tty1 console=ttyS0
[    0.000000] KERNEL supported cpus:
[    0.000000]   Intel GenuineIntel
    0.000000]   AMD AuthenticAMD
[    0.000000]   Cntaur CentaurHauls
[    0.000000] x86/fpu: Supporting XSAVE feature 0x001: 'x87 floating poit registers'
[    0.000000] x86/fpu: Supporting XSAVE feature 0x002: 'SSE regster'
[    0.000000] x86/fpu: Supporting XSAVE feature 0x004: 'AVX registers'
[    0.00000] x8/fpu: xstate_offset[2]:  576, xstate_sizes[2]:  256
[    0.00000] x86/fpu: Enabled xstte features 0x7, contexsize is 832 byt, using standard' format.
[    0.000000] e820: BIOS-provided physical RAM map:
[    0.000000] BIOS-e820: [mem 0x0000000000000000-0x000000000009fbff] usable
[    0.000000] BIOS-e820: [mem 0x00000000009fc00-00000000000fff] reserved
[    0.000000] BIOS-e820: [me 0x0000000000f0000-0x00000000000fffff] reserved
[    0.000000] BIOS-e820: [mem 0x0000000100000-0x000000003ffeffff] usable
[    0.000000] BIOS-e820: [mem 0x000000003fff0000-0x000000003fffffff] ACPI data
[    0.000000] BIOS-e820: [mem 0x00000000fec00000-0x00000000fec00fff] reserved
[    0.000000] BIOS-e820: [mm 0x000000fee00000-0x0000000ee00fff] reserved
[    0.000000] BIOS-e820: [mem 0x00000000fffc0000-0x00000000ffffffff] reserved
[    0.000000] NX (Execute Disable) protection: active
[    0.000000] SMBIOS 2.5 present.
[    0.000000] DMI: innotek GmbH VirtualBox/Virtualox BIOS VirtualBox 12/01/2006
[    0.000000] Hypervisor detected: KVM
[    0.000000] e820: last_pfn = 0x3fff0 max_arch_pfn = 0x400000000
[    0.000000] MTRR: Disabled
[    0.000000] x86/PAT: MTRRs disabled, skipping PAT initialization too.
[    0.000000CPU MTRRsall blank - virtualizedsystem.
[   .000000] 6/PATConfiguration [0-7]: WB  WT  UC-   B   WT  UC- UC  
[    0.000000] found SMP MP-table at [mem 0x0009fff0-0x0009ffff]
[    0.000000] Scanning 1 areas for low memory corruption
[    0.000000] RAMDISK: [mem 0x35985000-0x36cb9fff]
[    0.000000] ACPI: Early table checksum verification disabled
[    .000000] ACPI: RSDP 0x00000000000E0000 000024 (v02 VBO  )
[    0.000000] ACPI: XSDT 0x000000003FFF0030 00003C (v01 VBOX   VBOXXSDT 0000000 ASL  00000061)
[    0.000000] ACPI: FACP 0x000000003FFF00F0 0000F4 (v04 VBOX   VBOXFACP 00000001 ASL  00000061)
[    0.000000] ACPI: DSDT 0x000000003FFF0470 0021FF (v02 VBOX   VBOXBIOS 00000002 INTL 20100528)
    0.000000] ACPI: FACS 0x000000003FFF0200 000040
[    0.000000] ACPI: FACS 0x000000003FFF0200 000040
[    0.000000] ACPI: APIC 0x000000003FFF0240 00005C (v02 VBOX   VBOXAPIC 00000001 ASL  00000061)
[    0.000000] ACPI: SSDT 0x000000003FFF02A0 0001CC (v01 VBOX   VBOXCPUT 00000002 INTL 20100528)
[    0.0000] No NUMA configuration found
[    0.000000]Faking a node at [me 0x000000000000000-0x000000003ffeffff
[    0.000000] NOE_DATA(0) allocated [mem 0x3ffc5000-0x3ffeffff]
[    0.000000] kvm-clock: cpu 0, msr 0:3ff44001, rimary cpu clock
[    0.000000] kvm-clock: Using msrs 4b564d01 and 4b564d
[    0.000000] kvm-lok: using sched offset of 5781017973 cycles
[    0.000000] clocksource: kvm-clock: mask: 0xffffffffffffffff max_cycles: 0x1cd42e4dffb, max_idle_ns: 881590591483 ns
[    0.000000] Zone ranges:
[    0.000000]   DMA      [mem 0x0000000000001000-0x0000000000ffff]
[    0.000000]   DMA32    [mem 0x00000000010000000x00000000ffeffff
    000000]   Normal   empty
[   0.000000]   Device   empty
[    0.000000] Movable zone start for each node
[    0.000000] Early memory node ranges
[    0.000000]   node   0: [mem 00x0000000000001000-0x000000000009efff]
[    0.000000]   node   0: [mem 0x0000000000100000-0x000000003ffeffff]
[    0.000000] Reserved but unavailable: 98 pages
[    0.000000] Initmem setup node 0 [mem 0x000000000001000-0x000000003ffeffff]
[    0.000000] ACPIPM-TimerO Port: 0x4008
[    0.000000] IOAPIC[0]: apic_id 2, rsion 32, address 0xfec00000, GSI 0-23
[    0.000000] ACPI: INT_SRC_OVR (bus 0 bus_irq 0 global_irq 2 dfl dfl)
[    0.000000] ACPI: INT_SRC_OVR (bus 0 bus_irq 9 global_irq 9 low level)
[    0.000000] Using ACP (ADT) for P configuration information
[    0.000000] smpboot: Allowing 2 CPUs, 0 hotplug CPUs
[    0.000000] PM: Registered nosave memory: [mem 0x00000000-0x00000fff]
[    0.000000] PM: Registered nosave memory: [mem 0x0009f000-0x0009ffff]
[   0000000] PM: egistered nosave memory: [mem 0x000a0000-0x000effff]
[    0.000000] PM: Registered nosave memory: [mem 0x000f0000-0x00fffff]
[    0.000000] e820: [mem 0x40000000-0xfeebfffff] available for PCI devce
[    0.000000] Booting paravirtualized kernel on KVM
[    0.000000] clocksource: refined-jiffies: mask: 0fffffff max_cycles: 0xffffffff, max_idle_ns: 765519600211568 ns
[    0.000000] random: get_random_bytes called from start_kernel+0x99/0x4fd with crng_init=0
[    0.000000] setup_percpu: NR_CPUS:8192 nr_cpumask_bits:2 nr_cpu_ids:2 nr_node_ids:1
[    0.000000] percpu: Embedded 46 pages/cpu s151552 r8192 d28672 u1048576
[    0.000000] PV qspinlock hash table entries: 256 (order: 0, 4096 bytes)
[    0.000000] Built 1 zonelists, mobility grouping on.  Total pages: 25793
[  0.000000]olicy zone: DMA32
[    0.0000] Kernel command line: BOOT_IMAGE=/boot/vmlinuz-4.15.0-65-generic root=UUID=c96d8c50-ee80-4ac7-84c9-80244f1234dc ro console=tty1 console=ttyS0
[    0.000000] Memory: 982912K/1048120K availab (12300K kernel code, 2481K rwdata, 4256K rodata, 2436K init, 2388K bss, 65208K reserved, 0K cma-reserved)
[    0.000000] SLUB: HWalign=64, Order=0-3, MinObjects=0, CPUs=2, Nodes=1
[    0.000000] Kernel/User page tables isolation: enabled
[    0.000000] ftrace: allocating 39301 entries in 154 page
[    0.004000] Hierarchical RCU implementation.
[    0.004000]RCU restricting CPUs from NR_CPUS=8192 to nr_cpuid=2.
[    0.004000] 	Tasks RCU enabled.
[    0.004000] RCU: Adjusting geometry for rcu_fanout_leaf=16, nr_cpu_ids=2
[    0.004000] NR_IRQS: 524544, nr_irqs: 440, preallocated irqs: 16
[    0.004000] Console: colour VGA+ 80x25
[    0.004000] console [tty1] enabled
[    0.004000] console [ttyS0enabled
[    0.0000] ACPI: Core reviion 217083
[    0.004000]ACPI: 2 ACPI AML tables successfully acquired and loaded
[    0.004000] APIC: Switch to symmetric I/O mode setup
[    0.004252] x2apic enabled
[    0.008011] Switched APIC routing to physical x2apic.
[    0.012856] ..TIMER: vector=0x30 apic1=0 pin1=2 apic2=-1 pin2=-1
[    0.016010] tsc: Detected 1607.999 MHz processor
[    0.018671] Calibrating delay loop (skipped) preset value.. 3215.99 BogoMIPS (lpj=6431996)
[    0.020005] pid_max: default: 32768 minimum: 301
[    0.024042] Security Framework initialized
[    0.025183] Yama: becoming mindful.
[    0.028022] AppArmor: AppArmor initialized
[    0.036053] Dentry cache hash table entries: 131072 (order: 8, 1048576 bytes)
[    0.040034] Inode-cache hash table entries: 65536 (order: 7, 524288 bytes)
[    0.041753] Mount-cache hash table entries: 2048 (order: 2, 16384 bytes)
[    0.043672] Mountpoint-cache hash table entries: 2048 (order: 2, 16384 bytes)
[    0.044399] Last level iTLB entries: 4KB 64, 2MB 8, 4MB 8
[    0.048015] Last level dTLB entries: 4KB 64, 2MB 0, 4MB 0, 1GB 4
[    0.052009] Spectre V1 : Mitigation: usercopy/swapgs barriers and __user pointer sanitization
[    0.056006] Spectre V2 : Mitigation: Full generic retpoline
[    0.060007] Spectre V2 : Spectre v2 / SpectreRSB mitigation: Filling RSB on context switch
[    0.064007] Speculative Store Bypass: Vulnerable
[    0.068051] MDS: Vulnerable: Clear CPU buffers attempted, no microcode
[    0.072250] Freeing SMP alternatives memory: 36K
[    0.188000] smpboot: CPU0: Intel(R) Core(TM) i5-8210Y CPU @ 1.60GHz (family: 0x6, model: 0x8e, stepping: 0x9)
[    0.188255] Performance Events: unsupported p6 CPU model 142 no PMU driver, software events only.
[    0.192081] Hierarchical SRCU implementation.
[    0.196850] NMI watchdog: Perf event create on CPU 0 failed with -2
[    0.200014] NMI watchdog: Perf NMI watchdog permanently disabled
[    0.201775] smp: Bringing up secondary CPUs ...
[    0.204102] x86: Booting SMP configuration:
[    0.205359] .... node  #0, CPUs:      #1
[    0.004000] kvm-clock: cpu 1, msr 0:3ff44041, secondary cpu clock
[    0.232046] smp: Brought up 1 node, 2 CPUs
[    0.236015] smpboot: Max logical packages: 1
[    0.240012] smpboot: Total of 2 processors activated (6431.99 BogoMIPS)
[    0.242537] devtmpfs: initialized
[    0.244065] x86/mm: Memory block size: 128MB
[    0.248166] evm: security.selinux
[    0.252006] evm: security.SMACK64
[    0.256006] evm: security.SMACK64EXEC
[    0.257185] evm: security.SMACK64TRANSMUTE
[    0.260006] evm: security.SMACK64MMAP
[    0.261067] evm: security.apparmor
[    0.262061] evm: security.ima
[    0.264016] evm: security.capability
[    0.268048] clocksource: jiffies: mask: 0xffffffff max_cycles: 0xffffffff, max_idle_ns: 7645041785100000 ns
[    0.271200] futex hash table entries: 512 (order: 3, 32768 bytes)
[    0.273603] pinctrl core: initialized pinctrl subsystem
[    0.276180] RTC time:  2:50:09, date: 10/19/19
[    0.278387] NET: Registered protocol family 16
[    0.280106] audit: initializing netlink subsys (disabled)
[    0.284081] audit: type=2000 audit(1571453412.994:1): state=initialized audit_enabled=0 res=1
[    0.300032] cpuidle: using governor ladder
[    0.301716] cpuidle: using governor menu
[    0.304075] ACPI: bus type PCI registered
[    0.308006] acpiphp: ACPI Hot Plug PCI Controller Driver version: 0.5
[    0.312219] PCI: Using configuration type 1 for base access
[    0.317471] HugeTLB registered 2.00 MiB page size, pre-allocated 0 pages
[    0.320153] ACPI: Added _OSI(Module Device)
[    0.321759] ACPI: Added _OSI(Processor Device)
[    0.324006] ACPI: Added _OSI(3.0 _SCP Extensions)
[    0.328003] ACPI: Added _OSI(Processor Aggregator Device)
[    0.332030] ACPI: Added _OSI(Linux-Dell-Video)
[    0.336010] ACPI: Added _OSI(Linux-Lenovo-NV-HDMI-Audio)
[    0.338073] ACPI: Added _OSI(Linux-HPI-Hybrid-Graphics)
[    0.340494] ACPI: Executed 1 blocks of module-level executable AML code
[    0.350482] ACPI: Interpreter enabled
[    0.352036] ACPI: (supports S0 S5)
[    0.356009] ACPI: Using IOAPIC for interrupt routing
[    0.360261] PCI: Using host bridge windows from ACPI; if necessary, use "pci=nocrs" and report a bug
[    0.364279] ACPI: Enabled 2 GPEs in block 00 to 07
[    0.376564] ACPI: PCI Root Bridge [PCI0] (domain 0000 [bus 00-ff])
[    0.380025] acpi PNP0A03:00: _OSC: OS supports [ASPM ClockPM Segments MSI]
[    0.382514] acpi PNP0A03:00: _OSC: not requesting OS control; OS requires [ExtendedConfig ASPM ClockPM MSI]
[    0.384039] acpi PNP0A03:00: fail to add MMCONFIG information, can't access extended PCI configuration space under this bridge.
[    0.389136] PCI host bridge to bus 0000:00
[    0.392012] pci_bus 0000:00: root bus resource [io  0x0000-0x0cf7 window]
[    0.396036] pci_bus 0000:00: root bus resource [io  0x0d00-0xffff window]
[    0.398744] pci_bus 0000:00: root bus resource [mem 0x000a0000-0x000bffff window]
[    0.400012] pci_bus 0000:00: root bus resource [mem 0x40000000-0xfdffffff window]
[    0.404012] pci_bus 0000:00: root bus resource [bus 00-ff]
[    0.412957] pci 0000:00:01.1: legacy IDE quirk: reg 0x10: [io  0x01f0-0x01f7]
[    0.415425] pci 0000:00:01.1: legacy IDE quirk: reg 0x14: [io  0x03f6]
[    0.416009] pci 0000:00:01.1: legacy IDE quirk: reg 0x18: [io  0x0170-0x0177]
[    0.418332] pci 0000:00:01.1: legacy IDE quirk: reg 0x1c: [io  0x0376]
[    0.443387] pci 0000:00:07.0: quirk: [io  0x4000-0x403f] claimed by PIIX4 ACPI
[    0.444040] pci 0000:00:07.0: quirk: [io  0x4100-0x410f] claimed by PIIX4 SMB
[    0.468013] ACPI: PCI Interrupt Link [LNKA] (IRQs 5 9 10 *11)
[    0.476148] ACPI: PCI Interrupt Link [LNKB] (IRQs 5 9 *10 11)
[    0.484511] ACPI: PCI Interrupt Link [LNKC] (IRQs 5 *9 10 11)
[    0.488224] ACPI: PCI Interrupt Link [LNKD] (IRQs 5 9 10 *11)
[    0.492481] SCSI subsystem initialized
[    0.493979] pci 0000:00:02.0: vgaarb: setting as boot VGA device
[    0.496000] pci 0000:00:02.0: vgaarb: VGA device added: decodes=io+mem,owns=io+mem,locks=none
[    0.496024] pci 0000:00:02.0: vgaarb: bridge control possible
[    0.500010] vgaarb: loaded
[    0.501242] ACPI: bus type USB registered
[    0.504077] usbcore: registered new interface driver usbfs
[    0.508096] usbcore: registered new interface driver hub
[    0.512091] usbcore: registered new device driver usb
[    0.516103] EDAC MC: Ver: 3.0.0
[    0.520356] PCI: Using ACPI for IRQ routing
[    0.525096] NetLabel: Initializing
[    0.528011] NetLabel:  domain hash size = 128
[    0.532007] NetLabel:  protocols = UNLABELED CIPSOv4 CALIPSO
[    0.536033] NetLabel:  unlabeled traffic allowed by default
[    0.540137] clocksource: Switched to clocksource kvm-clock
[    0.5549] VF Disk uoas duo_6.6.0
[   0.782659] VFS: uot-cache hash table entries: 512 (order 0, 4096 bytes)
[    0.869135] AppAmor: AppArmor Filesstem Enabled
[    0.942161] pnp: PnP ACPI init
[    0.947223] pnp: PP PIfond 3 devices

[   1.110054] clocksure: acpi_pm: mask:xfffff ma_ccles:0xfffff, max_idle_ns: 208570024 s[   1.45195] NE: Registeredrotocol family 2

[    1.596640] TCP established hash table entries: 8192 rder: 4 6556 byes
[   1.74958] TCP bind hash table entries:19 (orer 5, 1072 byte)
[    2.036571] TCP: Hash tables configured (established 8192 bind 92)

[    2.089069] UDP hash table entries: 512 (order: 2, 16384 bytes)
[    2.091147] UDP-Lite hash table entries: 512 (order: 2, 16384 bytes)
[    2.094870] NET: Registered prtool family 1
[    2.146896] pci 0000:00:00.0: Lmiti direct PCI/PCI transfers
[    2.227835] pci 0000:00:01.0: Actiting ISA DMAhang workarounds
[    2.321501] pci 000:00:02.0: Video devie it shdowe RM at mem 0x00c0000x00dffff]
[    2.626538] Unpacking initramfs...

[    2.960862] Freeing initrd memory: 19668K
[    2.971569] clocksource: tsc: mask: 0xffffffffffffffff max_cycles: 0x172da94f0e2, max_idle_ns: 440795278248 ns
[    2.995290] platform rtc_cmos: registered platform RTC device (no PNP device found)
[    3.042175] Scanning for low memory corruption every 60 seconds
[    3.045338] Initialise system trusted keyrings
[    3.047203] Key type blacklist registered
[    3.054541] workingset: timestamp_bits=36 max_order=18 bucket_order=0
[    3.057079] zbud: loaded
[    3.058811] squashfs: version 4.0 (2009/01/31) Phillip Lougher
[    3.065409] fuse init (API version 7.26)
[    3.074097] Key type asymmetric registered
[    3.075531] Asymmetric key parser 'x509' registered
[    3.078495] Block layer SCSI generic (bsg) driver version 0.4 loaded (major 246)
[    3.081380] io scheduler noop registered
[    3.083313] io scheduler deadline registered
[    3.089224] io scheduler cfq registered (default)
[    3.092055] ACPI: AC Adapter [AC] (on-line)
[    3.105358] input: Power Button as /devices/LNXSYSTM:00/LNXPWRBN:00/input/input0
[    3.111708] ACPI: Power Button [PWRF]
[    3.124855] input: Sleep Button as /devices/LNXSYSTM:00/LNXSLPBN:00/input/input1
[    3.134181] ACPI: Sleep Button [SLPF]
[    3.139990] ACPI: Battery Slot [BAT0] (battery present)
[    3.148291] Serial: 8250/16550 driver, 32 ports, IRQ sharing enabled
[    3.181722] 00:02: tt0  IO 0x3 (irq= 4, base_baud = 115200 is a 16550A

[    3.399432] Linux agpgart interface v0.103
[    3.406271] loop: module loaded
[    3.416978] scsi host0: ata_piix
[    3.437117] scsi host1: ata_piix
[    3.438419] ata1: PATA max UDMA/33 cmd 0x1f0 ctl 0x3f6 bmdma 0xd000 irq 14
[    3.440455] ata2: PATA max UDMA/33 cmd 0x170 ctl 0x376 bmdma 0xd008 irq 15
[    3.448328] libphy: Fixed MDIO Bus: probed
[    3.449502] tun: Universal TUN/TAP device driver, 1.6
[    3.474373] PPP generic driver version 2.4.2
[    3.488240] ehci_hcd: USB 2.0 'Enhanced' Host Controller (EHCI) Driver
[    3.489834] ehci-pci: EHCI PCI platform driver
[    3.491009] ehci-platform: EHCI generic platform driver
[    3.494145] ohci_hcd: USB 1.1 'Open' Host Controller (OHCI) Driver
[    3.496896] ohci-pci: OHCI PCI platform driver
[    3.498553] ohci-platform: OHCI generic platform driver
[    3.505939] uhci_hcd: USB Universal Host Controller Interface driver
[    3.508064] i8042: PNP: PS/2 Controller [PNP0303:PS2K,PNP0f03:PS2M] at 0x60,0x64 irq 1,12
[    3.512752] serio: i8042 KBD port at 0x60,0x64 irq 1
[    3.535382] serio: i8042 AUX port at 0x60,0x64 irq 12
[    3.537301] mousedev: PS/2 mouse device common for all mice
[    3.539986] input: AT Translated Set 2 keyboard as /devices/platform/i8042/serio0/input/input2
[    3.545962] rtc_cmos rtc_cmos: rtc core: registered rtc_cmos as rtc0
[    3.561283] rtc_cmos rtc_cmos: alarms up to one day, 114 bytes nvram
[    3.590718] i2c /dev entries driver
[    3.591704] device-mapper: uevent: version 1.0.3
[    3.593103] device-mapper: ioctl: 4.37.0-ioctl (2017-09-20) initialised: dm-devel@redhat.com
[    3.606269] ledtrig-cpu: registered to indicate activity on CPUs
[    3.622548] NET: Registered protocol family 10
[    3.643078] Segment Routing with IPv6
[    3.644776] NET: Registered protocol family 17
[    3.646757] Key type dns_resolver registered
[    3.648653] mce: Using 0 MCE banks
[    3.653431] RAS: Correctable Errors collector initialized.
[    3.688967] sched_clock: Marking stable (3688915670, 0)->(7750900950, -4061985280)
[    3.691905] registered taskstats version 1
[    3.693049] Loading compiled-in X.509 certificates
[    3.700517] Loaded X.509 cert 'Build time autogenerated kernel key: 3a65b6a3c8b5d6b297d77c25be9161529933bc49'
[    3.723884] zswap: loaded using pool lzo/zbud
[    3.742969] Key type big_key registered
[    3.744299] Key type trusted registered
[    3.747536] Key type encrypted registered
[    3.773818] AppArmor: AppArmor sha1 policy hashing enabled
[    3.786577] ima: No TPM chip found, activating TPM-bypass! (rc=-19)
[    3.788729] ima: Allocated hash algorithm: sha1
[    3.789902] evm: HMAC attrs: 0x1
[    3.791150]   Magic number: 7:449:814
[    3.792641] rtc_cmos rtc_cmos: setting system clock to 2019-10-19 02:50:13 UTC (1571453413)
[    3.795614] BIOS EDD facility v0.16 2004-Jun-25, 0 devices found
[    3.798687] EDD information not available.
[    3.812228] Freeing unused kernel image memory: 2436K
[    3.824534] Write protecting the kernel read-only data: 20480k
[    3.838186] Freeing unused kernel image memory: 2008K
[    3.840337] Freeing unused kernel image memory: 1888K
[    3.847690] x86/mm: Checked W+X mappings: passed, no W+X pages found.
[    3.868245] x86/mm: Checking user space page tables
[    3.878196] x86/mm: Checked W+X mappings: passed, no W+X pages found.
Loading, please wait...
starting version 237
[    3.977197] e1000: Intel(R) PRO/1000 Network Driver - version 7.3.21-k8-NAPI
[    3.977200] Fusion MPT base driver 3.04.20
[    3.979061] e1000: Copyright (c) 1999-2006 Intel Corporation.
[    3.982386] Copyright (c) 1999-2008 LSI Corporation
[    3.999626] Fusion MPT SPI Host driver 3.04.20
[    4.012214] AVX2 version of gcm_enc/dec engaged.
[    4.013592] AES CTR mode by8 optimization enabled
[    4.222405] input: ImExPS/2 Generic Explorer Mouse as /devices/platform/i8042/serio1/input/input4
[    4.444605] e1000 0000:00:03.0 eth0: (PCI:33MHz:32-bit) 02:f6:70:42:12:5d
[    4.446614] e1000 0000:00:03.0 eth0: Intel(R) PRO/1000 Network Connection
[    4.880412] e1000 0000:00:08.0 eth1: (PCI:33MHz:32-bit) 08:00:27:8e:6a:71
[    4.889490] e1000 0000:00:08.0 eth1: Intel(R) PRO/1000 Network Connection
[    4.892972] e1000 0000:00:03.0 enp0s3: renamed from eth0
[    4.896976] mptbase: ioc0: Initiating bringup
[    4.906015] e1000 0000:00:08.0 enp0s8: renamed from eth1
[    5.032808] ioc0: LSI53C1030 A0: Capabilities={Initiator}
[    6.491679] scsi host2: ioc0: LSI53C1030 A0, FwRev=00000000h, Ports=1, MaxQ=256, IRQ=20
[    8.985765] scsi 2:0:0:0: Direct-Access     VBOX     HARDDISK         1.0  PQ: 0 ANSI: 5
[    9.971856] scsi target2:0:0: Beginning Domain Validation
[   11.152338] scsi target2:0:0: Domain Validation skipping write tests
[   12.148642] scsi target2:0:0: Ending Domain Validation
[   12.584097] scsi target2:0:0: asynchronous
[   13.026527] scsi 2:0:1:0: Direct-Access     VBOX     HARDDISK         1.0  PQ: 0 ANSI: 5
[   13.249912] scsi target2:0:1: Beginning Domain Validation
[   13.254111] random: fast init done
[   13.702427] scsi target2:0:1: Domain Validation skipping write tests
[   15.145957] scsi target2:0:1: Ending Domain Validation
[   16.148189] scsi target2:0:1: asynchronous
[   16.246818] random: systemd-udevd: uninitialized urandom read (16 bytes read)
[   16.257926] random: systemd-udevd: uninitialized urandom read (16 bytes read)
[   16.258288] sd 2:0:0:0: Attached scsi generic sg0 type 0
[   16.261464] random: systemd-udevd: uninitialized urandom read (16 bytes read)
[   16.289547] sd 2:0:0:0: [sda] 20971520 512-byte logical blocks: (10.7 GB/10.0 GiB)
[   16.294989] sd 2:0:1:0: Attached scsi generic sg1 type 0
[   16.298950] sd 2:0:0:0: [sda] Write Protect is off
[   16.326494] sd 2:0:1:0: [sdb] 20480 512-byte logical blocks: (10.5 MB/10.0 MiB)
[   16.326782] sd 2:0:0:0: [sda] Incomplete mode parameter data
[   17.233577] sd 2:0:0:0: [sda] Assuming drive cache: write through
[   18.566611] sd 2:0:1:0: [sdb] Write Protect is off
[   18.585996] sd 2:0:1:0: [sdb] Incomplete mode parameter data
[   18.587149]  sda: sda1
[   18.588056] sd 2:0:1:0: [sdb] Assuming drive cache: write through
[   18.592498] sd 2:0:0:0: [sda] Attached SCSI disk
[   18.598655] sd 2:0:1:0: [sdb] Attached SCSI disk
Begin: Loading essential drivers ... [   20.160234] raid6: sse2x1   gen()  9208 MB/s
[   20.212209] raid6: sse2x1   xor()  7152 MB/s
[   20.284190] raid6: sse2x2   gen() 12382 MB/s
[   20.336085] raid6: sse2x2   xor()  8159 MB/s
[   20.388030] raid6: sse2x4   gen() 14392 MB/s
[   20.436037] raid6: sse2x4   xor()  8574 MB/s
[   20.488034] raid6: avx2x1   gen() 20625 MB/s
[   20.544617] raid6: avx2x1   xor() 14003 MB/s
[   20.592208] raid6: avx2x2   gen() 20564 MB/s
[   20.652588] raid6: avx2x2   xor() 13794 MB/s
[   20.728202] raid6: avx2x4   gen() 25607 MB/s
[   20.800086] raid6: avx2x4   xor() 16387 MB/s
[   20.830158] raid6: using algorithm avx2x4 gen() 25607 MB/s
[   20.850180] raid6: .... xor() 16387 MB/s, rmw enabled
[   20.884145] raid6: using avx2x2 recovery algorithm
[   20.887481] xor: automatically using best checksumming function   avx       
[   20.892575] async_tx: api initialized (async)
done.
Begin: Running /scripts/init-premount ... done.
Begin: Mounting root file system ... Begin: Run[   20.943158] Btrfs loaded, crc32c=crc32c-intel
ning /scripts/local-top ... done.
Begin: Running /scripts/local-premount ... Scanning for Btrfs filesystems
done.
Warning: fsck no[   21.011934] EXT4-fs (sda1): mounted filesystem with ordered data mode. Opts: (null)
t present, so skipping root file system
done.
Begin: Running /scripts/local-bottom ... done.
Begin: Running /scripts/init-bottom ... done.
[   21.334574] ip_tables: (C) 2000-2006 Netfilter Core Team
[   21.646363] systemd[1]: systemd 237 running in system mode. (+PAM +AUDIT +SELINUX +IMA +APPARMOR +SMACK +SYSVINIT +UTMP +LIBCRYPTSETUP +GCRYPT +GNUTLS +ACL +XZ +LZ4 +SECCOMP +BLKID +ELFUTILS +KMOD -IDN2 +IDN -PCRE2 default-hierarchy=hybrid)
[   24.224287] systemd[1]: Detected virtualization oracle.
[   24.236980] systemd[1]: Detected architecture x86-64.

Welcome to [1mUbuntu 18.04.3 LTS[0m!

[   24.286645] systemd[1]: Set hostname to <ubuntu-bionic>.
[   24.736476] systemd[1]: Started Forward Password Requests to Wall Directory Watch.
[[0;32m  OK  [0m] Started Forward Password Requests to Wall Directory Watch.
[   24.831055] systemd[1]: Created slice System Slice.
[[0;32m  OK  [0m] Created slice System Slice.
[   25.907393] systemd[1]: Listening on LVM2 metadata daemon socket.
[[0;32m  OK  [0m] Listening on LVM2 metadata daemon socket.
[   26.885197] systemd[1]: Listening on LVM2 poll daemon socket.
[[0;32m  OK  [0m] Listening on LVM2 poll daemon socket.
[   27.449009] systemd[1]: Listening on Journal Socket (/dev/log).
[[0;32m  OK  [0m] Listening on Journal Socket (/dev/log).
[   28.151857] systemd[1]: Listening on /dev/initctl Compatibility Named Pipe.
[[0;32m  OK  [0m] Listening on /dev/initctl Compatibility Named Pipe.
[   28.209290] systemd[1]: Listening on Journal Socket.
[[0;32m  OK  [0m] Listening on Journal Socket.
[   28.223349] systemd[1]: Starting Create list of required static device nodes for the current kernel...
         Starting Create list of required st…ce nodes for the current kernel...
[   28.254843] systemd[1]: Listening on Journal Audit Socket.
[[0;32m  OK  [0m] Listening on Journal Audit Socket.
[   28.271664] systemd[1]: Starting Set the console keyboard layout...
         Starting Set the console keyboard layout...
[   28.302659] systemd[1]: Listening on RPCbind Server Activation Socket.
[[0;32m  OK  [0m] Listening on RPCbind Server Activation Socket.
[   28.315795] systemd[1]: Listening on udev Control Socket.
[[0;32m  OK  [0m] Listening on udev Control Socket.
[   28.346098] systemd[1]: Mounting Kernel Debug File System...
         Mounting Kernel Debug File System...
[[0;32m  OK  [0m] Listening on Network Service Netlink Socket.
         Starting Uncomplicated firewall...
         Starting Load Kernel Modules...
[[0;32m  OK  [0[   28.444033] Loading iSCSI transport class v2.0-870.
m] Created slice User and Session Slice.
[[0;32m  OK  [0m] Reached targe[   29.156120] iscsi: registered transport (tcp)
t Slices.
[[0;32m  OK  [0m] Created slice system-serial\x2dgetty.slice.
[[0;32m  OK  [0m] Listening on udev Kernel Socket.
[   29.201171] iscsi: registered transport (iser)
         Starting udev Coldplug all Devices...
         Mounting POSIX Message Queue File System...
[[0;32m  OK  [0m] Reached target User and Group Name Lookups.
[[0;32m  OK  [0m] Set up automount Arbitrary Executab…rmats File System Automount Point.
[   29.341636] random: crng init done
[   29.349704] random: 7 urandom warning(s) missed due to ratelimiting
[[0;32m  OK  [0m] Listening on Syslog Socket.
         Starting Journal Service...
         Starting Remount Root and Kernel File S[   29.428826] EXT4-fs (sda1): re-mounted. Opts: (null)
ystems...
[[0;32m  OK  [0m] Reached target Swap.
[[0;32m  OK  [0m] Listening on Device-mapper event daemon FIFOs.
         Starting Monitoring of LVM2 mirrors…ng dmeventd or progress polling...
         Mounting Huge Pages File System...
         Mounting RPC Pipe File System...
[   29.557622] RPC: Registered named UNIX socket transport module.
[   29.565404] RPC: Registered udp transport module.
[   29.867706] RPC: Registered tcp transport module.
[   29.888825] RPC: Registered tcp NFSv4.1 backchannel transport module.
[[0;32m  OK  [0m] Reached target System Time Synchronized.
[[0;32m  OK  [0m] Started Journal Service.
[[0;32m  OK  [0m] Started Create list of required sta…vice nodes for the current kernel.
[[0;32m  OK  [0m] Started Set the console keyboard layout.
[[0;32m  OK  [0m] Mounted Kernel Debug File System.
[[0;32m  OK  [0m] Started Uncomplicated firewall.
[[0;32m  OK  [0m] Started Load Kernel Modules.
[[0;32m  OK  [0m] Mounted POSIX Message Queue File System.
[[0;32m  OK  [0m] Started Remount Root and Kernel File Systems.
[[0;32m  OK  [0m] Mounted Huge Pages File System.
[[0;32m  OK  [0m] Mounted RPC Pipe File System.
[[0;32m  OK  [0m] Started LVM2 metadata daemon.
         Starting Load/Save Random Seed...
         Mounting FUSE Control File System...
         Mounting Kernel Configuration File System...
         Starting Apply Kernel Variables...
         Starting Create Static Device Nodes in /dev...
         Starting Flush Journal to Persistent Storage...
[[0;32m  OK  [0m] Started Monitoring of LVM2 mirrors,…sing dmeventd or progress polling.
[[0;32m  OK  [0m] Started udev Coldplug all Devices.
[[0;32m  OK  [0m] Started Load/Save Random Seed.
[[0;32m  OK  [0m] Mounted FUSE Control File System.
[[0;32m  OK  [0m] Mounted Kernel Configuration File System.
[[0;32m  OK  [0m] Started Apply Kernel Variables.
[[0;32m  OK  [0m] Started Create Static Device Nodes in /dev.
         Starting udev Kernel Device Manager...
[[0;32m  OK  [0m] Reached target Local File Systems (Pre).
[[0;32m  OK  [0m] Reached target Local File Systems.
         Starting Preprocess NFS configuration...
         Starting AppArmor initialization...
         Starting Set console font and keymap...
         Starting Tell Plymouth To Write Out Runtime Data...
         Starting ebtables ruleset management...
[[0;32m  OK  [0m] Started Preprocess NFS configuration.
[[0;32m  OK  [0m] Reached target NFS client services.
[[0;32m  OK  [0m] Started Set console font and keymap.
[[0;32m  OK  [0m] Started Tell Plymouth To Write Out Runtime Data.
[[0;32m  OK  [0m] Started udev Kernel Device Manager.
[[0;32m  OK  [0m] Started Dispatch Password Requests to Console Directory Watch.
[[0;32m  OK  [0m] Reached target Local Encrypted Volumes.
[[0;32m  OK  [0m] Started ebtables ruleset management.
[[0;32m  OK  [0m] Started Flush Journal to Persistent Storage.
         Starting Create Volatile Files and Directories...
[[0;32m  OK  [0m] Started Create Volatile Files and Directories.
         Starting RPC bind portmap service...
         Starting Update UTMP about System Boot/Shutdown...
[[0;32m  OK  [0m] Started RPC bind portmap service.
[[0;32m  OK  [0m] Reached target RPC Port Mapper.
[[0;32m  OK  [0m] Started Update UTMP about System Boot/Shutdown.
[[0;32m  OK  [0m] Found device /dev/ttyS0.
[[0;32m  OK  [0m] Started AppArmor initialization.
         Starting Initial cloud-init job (pre-networking)...
[[0;32m  OK  [0m] Listening on Load/Save RF Kill Switch Status /dev/rfkill Watch.
[   32.878283] cloud-init[551]: Cloud-init v. 19.1-1-gbaa47854-0ubuntu1~18.04.1 running 'init-local' at Sat, 19 Oct 2019 02:50:42 +0000. Up 32.59 seconds.
[[0;32m  OK  [0m] Started Initial cloud-init job (pre-networking).
[[0;32m  OK  [0m] Reached target Network (Pre).
         Starting Network Service...
[[0;32m  OK  [0m] Started Network Service.
         Starting Wait for Network to be Configured...
         Starting Network Name Resolution...
[[0;32m  OK  [0m] Started Network Name Resolution.
[[0;32m  OK  [0m] Reached target Host and Network Name Lookups.
[[0;32m  OK  [0m] Reached target Network.
[[0;32m  OK  [0m] Started Wait for Network to be Configured.
         Starting Initial cloud-init job (metadata service crawler)...
[   35.297365] cloud-init[732]: Cloud-init v. 19.1-1-gbaa47854-0ubuntu1~18.04.1 running 'init' at Sat, 19 Oct 2019 02:50:44 +0000. Up 35.10 seconds.
[   35.300828] cloud-init[732]: ci-info: ++++++++++++++++++++++++++++++++++++++Net device info+++++++++++++++++++++++++++++++++++++++
[   35.303828] cloud-init[732]: ci-info: +--------+------+-----------------------------+---------------+--------+-------------------+
[   35.311367] cloud-init[732]: ci-info: | Device |  Up  |           Address           |      Mask     | Scope  |     Hw-Address    |
[   35.330800] cloud-init[732]: ci-info: +--------+------+-----------------------------+---------------+--------+-------------------+
[   35.355853] cloud-init[732]: ci-info: | enp0s3 | True |          10.0.2.15          | 255.255.255.0 | global | 02:f6:70:42:12:5d |
[   35.398825] cloud-init[732]: ci-info: | enp0s3 | True |  fe80::f6:70ff:fe42:125d/64 |       .       |  link  | 02:f6:70:42:12:5d |
[   35.446515] cloud-init[732]: ci-info: | enp0s8 | True |        192.168.33.10        | 255.255.255.0 | global | 08:00:27:8e:6a:71 |
[   35.462533] cloud-init[732]: ci-info: | enp0s8 | True | fe80::a00:27ff:fe8e:6a71/64 |       .       |  link  | 08:00:27:8e:6a:71 |
[   35.477167] cloud-init[732]: ci-info: |   lo   | True |          127.0.0.1          |   255.0.0.0   |  host  |         .         |
[   35.480932] cloud-init[732]: ci-info: |   lo   | True |           ::1/128           |       .       |  host  |         .         |
[   35.508441] cloud-init[732]: ci-info: +--------+------+-----------------------------+---------------+--------+-------------------+
[   35.511789] cloud-init[732]: ci-info: +++++++++++++++++++++++++++++Route IPv4 info+++++++++++++++++++++++++++++
[   35.515784] cloud-init[732]: ci-info: +-------+--------------+----------+-----------------+-----------+-------+
[   35.518570] cloud-init[732]: ci-info: | Route | Destination  | Gateway  |     Genmask     | Interface | Flags |
[   35.521304] cloud-init[732]: ci-info: +-------+--------------+----------+-----------------+-----------+-------+
[   35.532899] cloud-init[732]: ci-info: |   0   |   0.0.0.0    | 10.0.2.2 |     0.0.0.0     |   enp0s3  |   UG  |
[   35.535668] cloud-init[732]: ci-info: |   1   |   10.0.2.0   | 0.0.0.0  |  255.255.255.0  |   enp0s3  |   U   |
[   35.540497] cloud-init[732]: ci-info: |   2   |   10.0.2.2   | 0.0.0.0  | 255.255.255.255 |   enp0s3  |   UH  |
[   35.543272] cloud-init[732]: ci-info: |   3   | 192.168.33.0 | 0.0.0.0  |  255.255.255.0  |   enp0s8  |   U   |
[   35.546530] cloud-init[732]: ci-info: +-------+--------------+----------+-----------------+-----------+-------+
[   35.550436] cloud-init[732]: ci-info: +++++++++++++++++++Route IPv6 info+++++++++++++++++++
[   35.553928] cloud-init[732]: ci-info: +-------+-------------+---------+-----------+-------+
[   35.560469] cloud-init[732]: ci-info: | Route | Destination | Gateway | Interface | Flags |
[   35.567449] cloud-init[732]: ci-info: +-------+-------------+---------+-----------+-------+
[   35.572869] cloud-init[732]: ci-info: |   1   |  fe80::/64  |    ::   |   enp0s8  |   U   |
[   35.605091] cloud-init[732]: ci-info: |   2   |  fe80::/64  |    ::   |   enp0s3  |   U   |
[[   35.624987] cloud-init[732]: ci-info: |   4   |    local    |    ::   |   enp0s3  |   U   |
[   35.625927] cloud-init[732]: ci-info: |   5   |    local    |    ::   |   enp0s8  |   U   |
[0;32m  OK  [0m] Started Initial cloud-init job (metadata service crawler).
[   35.626987] cloud-init[732]: ci-info: |   6   |   ff00::/8  |    ::   |   enp0s8  |   U   |
[[   35.730697] cloud-init[732]: ci-info: |   7   |   ff00::/8  |    ::   |   enp0s3  |   U   |
[   35.731404] cloud-init[732]: ci-info: +-------+-------------+---------+-----------+-------+
[0;32m  OK  [0m] Reached target System Initialization.
[[0;32m  OK  [0m] Listening on Open-iSCSI iscsid Socket.
[[0;32m  OK  [0m] Listening on UUID daemon activation socket.
[[0;32m  OK  [0m] Started Daily apt download activities.
         Starting LXD - unix socket.
[[0;32m  OK  [0m] Started Daily apt upgrade and clean activities.
[[0;32m  OK  [0m] Listening on ACPID Listen Socket.
         Starting Socket activation for snappy daemon.
[[0;32m  OK  [0m] Started Discard unused blocks once a week.
[[0;32m  OK  [0m] Listening on D-Bus System Message Bus Socket.
[[0;32m  OK  [0m] Started Daily Cleanup of Temporary Directories.
[[0;32m  OK  [0m] Started Message of the Day.
[[0;32m  OK  [0m] Started ACPI Events Check.
[[0;32m  OK  [0m] Reached target Timers.
[[0;32m  OK  [0m] Reached target Paths.
[[0;32m  OK  [0m] Reached target Network is Online.
         Starting Availability of block devices...
[[0;32m  OK  [0m] Reached target Remote File Systems (Pre).
[[0;32m  OK  [0m] Reached target Remote File Systems.
[[0;32m  OK  [0m] Reached target Cloud-config availability.
[[0;32m  OK  [0m] Listening on LXD - unix socket.
[[0;32m  OK  [0m] Listening on Socket activation for snappy daemon.
[[0;32m  OK  [0m] Started Availability of block devices.
[[0;32m  OK  [0m] Reached target Sockets.
[[0;32m  OK  [0m] Reached target Basic System.
         Starting Dispatcher daemon for systemd-networkd...
         Starting vboxadd.service...
[[0;32m  OK  [0m] Started Regular background program processing daemon.
         Starting LSB: automatic crash report generation...
         Starting LSB: Record successful boot for GRUB...
         Starting Login Service...
         Starting Snappy daemon...
[[0;32m  OK  [0m] Started Deferred execution scheduler.
         Starting Message of the Day...
[[0;32m  OK  [0m] Started irqbalance daemon.
         Starting Accounts Service...
         Starting Permit User Sessions...
         Starting System Logging Service...
[[0;32m  OK  [0m] Started D-Bus System Message Bus.
[[0;32m  OK  [0m] Started Login Service.
[[0;32m  OK  [0m] Started Unattended Upgrades Shutdown.
         Starting OpenBSD Secure Shell server...
[[0;32m  OK  [0m] Started FUSE filesystem for LXC.
         Starting LXD - container startup/shutdown...
[[0;32m  OK  [0m] Started System Logging Service.
[[0;32m  OK  [0m] Started Permit User Sessions.
         Starting Authorization Manager...
         Starting Terminate Plymouth Boot Screen...
         Starting Hold until boot process finishes up...
[[0;32m  OK  [0m] Started Hold until boot process finishes up.
         Starting Set console scheme...
[[0;32m  OK  [0m] Started Serial Getty on ttyS0.
[[0;32m  OK  [0m] Started OpenBSD Secure Shell server.
[[0;32m  OK  [0m] Started Snappy daemon.
[[0;32m  OK  [0m] Started Terminate Plymouth Boot Screen.
[[0;32m  OK  [0m] Started Set console scheme.
[[0;32m  OK  [0m] Created slice system-getty.slice.
[[0;32m  OK  [0m] Started Getty on tty1.
[[0;32m  OK  [0m] Reached target Login Prompts.
         Starting Wait until snapd is fully seeded...
[[0;32m  OK  [0m] Started Authorization Manager.
[[0;32m  OK  [0m] Started LSB: automatic crash report generation.
[[0;32m  OK  [0m] Started Accounts Service.
[[0;32m  OK  [0m] Started LSB: Record successful boot for GRUB.
[[0;32m  OK  [0m] Started LXD - container startup/shutdown.
[[0;32m  OK  [0m] Started Wait until snapd is fully seeded.
         Starting Apply the settings specified in cloud-config...
[[0;32m  OK  [0m] Started Dispatcher daemon for systemd-networkd.
[[0;32m  OK  [0m] Started vboxadd.service.
         Starting vboxadd-service.service...
[[0;32m  OK  [0m] Started vboxadd-service.service.
[[0;32m  OK  [0m] Reached target Multi-User System.
[[0;32m  OK  [0m] Reached target Graphical Interface.
         Starting Update UTMP about System Runlevel Changes...
[[0;32m  OK  [0m] Started Update UTMP about System Runlevel Changes.
[[0;32m  OK  [0m] Created slice User Slice of vagrant.
         Starting User Manager for UID 1000...
[[0;32m  OK  [0m] Started Session 1 of user vagrant.
[[0;32m  OK  [0m] Started User Manager for UID 1000.
[   38.562938] cloud-init[1121]: Cloud-init v. 19.1-1-gbaa47854-0ubuntu1~18.04.1 running 'modules:config' at Sat, 19 Oct 2019 02:50:48 +0000. Up 38.35 seconds.
[[0;32m  OK  [0m] Started Message of the Day.
[[0;32m  OK  [0m] Started Apply the settings specified in cloud-config.
         Starting Execute cloud user/final scripts...
[   39.438812] cloud-init[1245]: Cloud-init v. 19.1-1-gbaa47854-0ubuntu1~18.04.1 running 'modules:final' at Sat, 19 Oct 2019 02:50:49 +0000. Up 39.31 seconds.
[   39.445552] cloud-init[1245]: Cloud-init v. 19.1-1-gbaa47854-0ubuntu1~18.04.1 finished at Sat, 19 Oct 2019 02:50:49 +0000. Datasource DataSourceNoCloud [seed=/dev/sdb][dsmode=net].  Up 39.43 seconds
[[0;32m  OK  [0m] Started Execute cloud user/final scripts.
[[0;32m  OK  [0m] Reached target Cloud-init target.
         Starting Daily apt download activities...

Ubuntu 18.04.3 LTS ubuntu-bionic ttyS0

ubuntu-bionic login: 